<?xml version="1.0" encoding="UTF-8" ?>
<testsuite tests="26" failures="0" name="microservices.AssociationsTest" time="0.046" errors="0" skipped="0">
  <properties>
[...]
</properties>
  <testcase classname="microservices.AssociationsTest" name="test10" time="0.003"/>
  <testcase classname="microservices.AssociationsTest" name="test11" time="0"/>
  <testcase classname="microservices.AssociationsTest" name="test12" time="0.005"/>
  <testcase classname="microservices.AssociationsTest" name="test13" time="0.001"/>
  <testcase classname="microservices.AssociationsTest" name="test14" time="0"/>
  <testcase classname="microservices.AssociationsTest" name="test15" time="0.002"/>
  <testcase classname="microservices.AssociationsTest" name="test16" time="0.008"/>
  <testcase classname="microservices.AssociationsTest" name="test17" time="0.002"/>
  <testcase classname="microservices.AssociationsTest" name="test18" time="0.009"/>
  <testcase classname="microservices.AssociationsTest" name="test19" time="0.002"/>
  <testcase classname="microservices.AssociationsTest" name="test20" time="0.001"/>
  <testcase classname="microservices.AssociationsTest" name="test21" time="0"/>
  <testcase classname="microservices.AssociationsTest" name="test22" time="0.001"/>
  <testcase classname="microservices.AssociationsTest" name="test23" time="0.001"/>
  <testcase classname="microservices.AssociationsTest" name="test24" time="0.001"/>
  <testcase classname="microservices.AssociationsTest" name="test25" time="0.001"/>
  <testcase classname="microservices.AssociationsTest" name="test26" time="0.001"/>
  <testcase classname="microservices.AssociationsTest" name="test1" time="0"/>
  <testcase classname="microservices.AssociationsTest" name="test2" time="0.001"/>
  <testcase classname="microservices.AssociationsTest" name="test3" time="0.001"/>
  <testcase classname="microservices.AssociationsTest" name="test4" time="0.002"/>
  <testcase classname="microservices.AssociationsTest" name="test5" time="0.001"/>
  <testcase classname="microservices.AssociationsTest" name="test6" time="0"/>
  <testcase classname="microservices.AssociationsTest" name="test7" time="0.002"/>
  <testcase classname="microservices.AssociationsTest" name="test8" time="0"/>
  <testcase classname="microservices.AssociationsTest" name="test9" time="0.001"/>
</testsuite>